<?xml version="1.0" encoding="UTF-8"?>
<!-- Generated by org.testng.reporters.JUnitReportReporter -->
<testsuite hostname="DESKTOP-4JLUKO6" failures="2" tests="104" name="nawatTests.NawatFunctionalTest" time="1088.014" errors="3" timestamp="25 Mar 2025 11:24:00 GMT">
  <testcase classname="nawatTests.NawatFunctionalTest" name="clickFilterIconKubernetes" time="15.704"/>
  <testcase classname="nawatTests.NawatFunctionalTest" name="clickFilterIconAuditActions" time="17.069"/>
  <testcase classname="nawatTests.NawatFunctionalTest" name="ValidateTemplateFilterData" time="66.860">
    <error message="expected [Name = Data] but found [Name = Template]" type="java.lang.AssertionError">
      <![CDATA[java.lang.AssertionError: expected [Name = Data] but found [Name = Template]
	at org.testng.Assert.fail(Assert.java:94)
	at org.testng.Assert.failNotEquals(Assert.java:494)
	at org.testng.Assert.assertEquals(Assert.java:123)
	at org.testng.Assert.assertEquals(Assert.java:176)
	at org.testng.Assert.assertEquals(Assert.java:186)
	at nawatTests.NawatFunctionalTest.ValidateTemplateFilterData(NawatFunctionalTest.java:527)
	at java.base/jdk.internal.reflect.DirectMethodHandleAccessor.invoke(DirectMethodHandleAccessor.java:103)
	at java.base/java.lang.reflect.Method.invoke(Method.java:580)
	at org.testng.internal.MethodInvocationHelper.invokeMethod(MethodInvocationHelper.java:80)
	at org.testng.internal.Invoker.invokeMethod(Invoker.java:714)
	at org.testng.internal.Invoker.invokeTestMethod(Invoker.java:901)
	at org.testng.internal.Invoker.invokeTestMethods(Invoker.java:1231)
	at org.testng.internal.TestMethodWorker.invokeTestMethods(TestMethodWorker.java:127)
	at org.testng.internal.TestMethodWorker.run(TestMethodWorker.java:111)
	at org.testng.TestRunner.privateRun(TestRunner.java:767)
	at org.testng.TestRunner.run(TestRunner.java:617)
	at org.testng.SuiteRunner.runTest(SuiteRunner.java:334)
	at org.testng.SuiteRunner.runSequentially(SuiteRunner.java:329)
	at org.testng.SuiteRunner.privateRun(SuiteRunner.java:291)
	at org.testng.SuiteRunner.run(SuiteRunner.java:240)
	at org.testng.SuiteRunnerWorker.runSuite(SuiteRunnerWorker.java:52)
	at org.testng.SuiteRunnerWorker.run(SuiteRunnerWorker.java:86)
	at org.testng.TestNG.runSuitesSequentially(TestNG.java:1198)
	at org.testng.TestNG.runSuitesLocally(TestNG.java:1123)
	at org.testng.TestNG.run(TestNG.java:1031)
	at org.testng.remote.AbstractRemoteTestNG.run(AbstractRemoteTestNG.java:115)
	at org.testng.remote.RemoteTestNG.initAndRun(RemoteTestNG.java:293)
	at org.testng.remote.RemoteTestNG.main(RemoteTestNG.java:91)
]]>
    </error>
  </testcase> <!-- ValidateTemplateFilterData -->
  <testcase classname="nawatTests.NawatFunctionalTest" name="ValidateKubernetesFilterData" time="4.086"/>
  <testcase classname="nawatTests.NawatFunctionalTest" name="clickFilterIconSql" time="16.033"/>
  <testcase classname="nawatTests.NawatFunctionalTest" name="ValidateSharedSearchData" time="5.507"/>
  <testcase classname="nawatTests.NawatFunctionalTest" name="searchKeyManagement" time="13.517"/>
  <testcase classname="nawatTests.NawatFunctionalTest" name="clickFilterTemplate" time="41.871">
    <failure message="no such element: Unable to locate element: {&quot;method&quot;:&quot;xpath&quot;,&quot;selector&quot;:&quot;//span[contains(@class, &#039;ng-star-inserted&#039;) and contains(text(), &#039;Data&#039;)]&quot;}
  (Session info: MicrosoftEdge=134.0.3124.83)
For documentation on this error, please visit: https://www.selenium.dev/documentation/webdriver/troubleshooting/errors#no-such-element-exception
Build info: version: &#039;4.27.0&#039;, revision: &#039;d6e718d134&#039;
System info: os.name: &#039;Windows 11&#039;, os.arch: &#039;amd64&#039;, os.version: &#039;10.0&#039;, java.version: &#039;23.0.2&#039;
Driver info: org.openqa.selenium.edge.EdgeDriver
Command: [fefd0b75bde834ea764a328b79291cd8, findElement {using=xpath, value=//span[contains(@class, &#039;ng-star-inserted&#039;) and contains(text(), &#039;Data&#039;)]}]
Capabilities {acceptInsecureCerts: false, browserName: MicrosoftEdge, browserVersion: 134.0.3124.83, fedcm:accounts: true, ms:edgeOptions: {debuggerAddress: localhost:62267}, msedge: {msedgedriverVersion: 134.0.3124.85 (4b32110e83d3..., userDataDir: C:\Users\B-MAC-~1\AppData\L...}, networkConnectionEnabled: false, pageLoadStrategy: normal, platformName: windows, proxy: Proxy(), se:cdp: ws://localhost:62267/devtoo..., se:cdpVersion: 134.0.3124.83, setWindowRect: true, strictFileInteractability: false, timeouts: {implicit: 0, pageLoad: 300000, script: 30000}, unhandledPromptBehavior: dismiss and notify, webauthn:extension:credBlob: true, webauthn:extension:largeBlob: true, webauthn:extension:minPinLength: true, webauthn:extension:prf: true, webauthn:virtualAuthenticators: true}
Session ID: fefd0b75bde834ea764a328b79291cd8" type="org.openqa.selenium.NoSuchElementException">
      <![CDATA[org.openqa.selenium.NoSuchElementException: no such element: Unable to locate element: {"method":"xpath","selector":"//span[contains(@class, 'ng-star-inserted') and contains(text(), 'Data')]"}
  (Session info: MicrosoftEdge=134.0.3124.83)
For documentation on this error, please visit: https://www.selenium.dev/documentation/webdriver/troubleshooting/errors#no-such-element-exception
Build info: version: '4.27.0', revision: 'd6e718d134'
System info: os.name: 'Windows 11', os.arch: 'amd64', os.version: '10.0', java.version: '23.0.2'
Driver info: org.openqa.selenium.edge.EdgeDriver
Command: [fefd0b75bde834ea764a328b79291cd8, findElement {using=xpath, value=//span[contains(@class, 'ng-star-inserted') and contains(text(), 'Data')]}]
Capabilities {acceptInsecureCerts: false, browserName: MicrosoftEdge, browserVersion: 134.0.3124.83, fedcm:accounts: true, ms:edgeOptions: {debuggerAddress: localhost:62267}, msedge: {msedgedriverVersion: 134.0.3124.85 (4b32110e83d3..., userDataDir: C:\Users\B-MAC-~1\AppData\L...}, networkConnectionEnabled: false, pageLoadStrategy: normal, platformName: windows, proxy: Proxy(), se:cdp: ws://localhost:62267/devtoo..., se:cdpVersion: 134.0.3124.83, setWindowRect: true, strictFileInteractability: false, timeouts: {implicit: 0, pageLoad: 300000, script: 30000}, unhandledPromptBehavior: dismiss and notify, webauthn:extension:credBlob: true, webauthn:extension:largeBlob: true, webauthn:extension:minPinLength: true, webauthn:extension:prf: true, webauthn:virtualAuthenticators: true}
Session ID: fefd0b75bde834ea764a328b79291cd8
	at java.base/jdk.internal.reflect.DirectConstructorHandleAccessor.newInstance(DirectConstructorHandleAccessor.java:62)
	at java.base/java.lang.reflect.Constructor.newInstanceWithCaller(Constructor.java:501)
	at java.base/java.lang.reflect.Constructor.newInstance(Constructor.java:485)
	at org.openqa.selenium.remote.ErrorCodec.decode(ErrorCodec.java:167)
	at org.openqa.selenium.remote.codec.w3c.W3CHttpResponseCodec.decode(W3CHttpResponseCodec.java:138)
	at org.openqa.selenium.remote.codec.w3c.W3CHttpResponseCodec.decode(W3CHttpResponseCodec.java:50)
	at org.openqa.selenium.remote.HttpCommandExecutor.execute(HttpCommandExecutor.java:190)
	at org.openqa.selenium.remote.service.DriverCommandExecutor.invokeExecute(DriverCommandExecutor.java:216)
	at org.openqa.selenium.remote.service.DriverCommandExecutor.execute(DriverCommandExecutor.java:174)
	at org.openqa.selenium.remote.RemoteWebDriver.execute(RemoteWebDriver.java:545)
	at org.openqa.selenium.remote.ElementLocation$ElementFinder$2.findElement(ElementLocation.java:165)
	at org.openqa.selenium.remote.ElementLocation.findElement(ElementLocation.java:59)
	at org.openqa.selenium.remote.RemoteWebDriver.findElement(RemoteWebDriver.java:368)
	at org.openqa.selenium.remote.RemoteWebDriver.findElement(RemoteWebDriver.java:362)
	at org.openqa.selenium.support.pagefactory.DefaultElementLocator.findElement(DefaultElementLocator.java:68)
	at org.openqa.selenium.support.pagefactory.internal.LocatingElementHandler.invoke(LocatingElementHandler.java:38)
	at jdk.proxy2/jdk.proxy2.$Proxy29.click(Unknown Source)
	at pages.DevToolKitPage.clickFilterTemplate(DevToolKitPage.java:132)
	at nawatTests.NawatFunctionalTest.clickFilterTemplate(NawatFunctionalTest.java:516)
	at java.base/jdk.internal.reflect.DirectMethodHandleAccessor.invoke(DirectMethodHandleAccessor.java:103)
	at java.base/java.lang.reflect.Method.invoke(Method.java:580)
	at org.testng.internal.MethodInvocationHelper.invokeMethod(MethodInvocationHelper.java:80)
	at org.testng.internal.Invoker.invokeMethod(Invoker.java:714)
	at org.testng.internal.Invoker.invokeTestMethod(Invoker.java:901)
	at org.testng.internal.Invoker.invokeTestMethods(Invoker.java:1231)
	at org.testng.internal.TestMethodWorker.invokeTestMethods(TestMethodWorker.java:127)
	at org.testng.internal.TestMethodWorker.run(TestMethodWorker.java:111)
	at org.testng.TestRunner.privateRun(TestRunner.java:767)
	at org.testng.TestRunner.run(TestRunner.java:617)
	at org.testng.SuiteRunner.runTest(SuiteRunner.java:334)
	at org.testng.SuiteRunner.runSequentially(SuiteRunner.java:329)
	at org.testng.SuiteRunner.privateRun(SuiteRunner.java:291)
	at org.testng.SuiteRunner.run(SuiteRunner.java:240)
	at org.testng.SuiteRunnerWorker.runSuite(SuiteRunnerWorker.java:52)
	at org.testng.SuiteRunnerWorker.run(SuiteRunnerWorker.java:86)
	at org.testng.TestNG.runSuitesSequentially(TestNG.java:1198)
	at org.testng.TestNG.runSuitesLocally(TestNG.java:1123)
	at org.testng.TestNG.run(TestNG.java:1031)
	at org.testng.remote.AbstractRemoteTestNG.run(AbstractRemoteTestNG.java:115)
	at org.testng.remote.RemoteTestNG.initAndRun(RemoteTestNG.java:293)
	at org.testng.remote.RemoteTestNG.main(RemoteTestNG.java:91)
]]>
    </failure>
  </testcase> <!-- clickFilterTemplate -->
  <testcase classname="nawatTests.NawatFunctionalTest" name="searchIconAssocaitedBucketPage" time="17.813"/>
  <testcase classname="nawatTests.NawatFunctionalTest" name="ValidateAuditActionsFilterData" time="4.104"/>
  <testcase classname="nawatTests.NawatFunctionalTest" name="ValidateSecretSearchData" time="5.536"/>
  <testcase classname="nawatTests.NawatFunctionalTest" name="clickFilterIconWorkspace" time="16.524"/>
  <testcase classname="nawatTests.NawatFunctionalTest" name="validateProjectIconNavigation" time="8.901"/>
  <testcase classname="nawatTests.NawatFunctionalTest" name="ValidateSecretFilterData" time="4.094"/>
  <testcase classname="nawatTests.NawatFunctionalTest" name="clickFilterIconUsers" time="16.216"/>
  <testcase classname="nawatTests.NawatFunctionalTest" name="ValidateProjectSearchData" time="4.078"/>
  <testcase classname="nawatTests.NawatFunctionalTest" name="clickFilterIconNodepool" time="16.532"/>
  <testcase classname="nawatTests.NawatFunctionalTest" name="ValidateOUModuleName" time="5.442"/>
  <testcase classname="nawatTests.NawatFunctionalTest" name="searchKubernetes" time="13.408"/>
  <testcase classname="nawatTests.NawatFunctionalTest" name="searchVM" time="13.416"/>
  <testcase classname="nawatTests.NawatFunctionalTest" name="searchIconusers" time="15.134"/>
  <testcase classname="nawatTests.NawatFunctionalTest" name="matchSharedPageColumns" time="0.197"/>
  <testcase classname="nawatTests.NawatFunctionalTest" name="ValidateDevtoolkitModuleName" time="5.282"/>
  <testcase classname="nawatTests.NawatFunctionalTest" name="searchUsers" time="8.827"/>
  <testcase classname="nawatTests.NawatFunctionalTest" name="ValidateProjectFilterData" time="4.087"/>
  <testcase classname="nawatTests.NawatFunctionalTest" name="ValidateOUSearchData" time="5.784"/>
  <testcase classname="nawatTests.NawatFunctionalTest" name="validateSearchProject" time="21.917"/>
  <testcase classname="nawatTests.NawatFunctionalTest" name="ValidateKeyManagementModuleName" time="4.063"/>
  <testcase classname="nawatTests.NawatFunctionalTest" name="ValidatePersistentVolumesSearchData" time="5.694"/>
  <testcase classname="nawatTests.NawatFunctionalTest" name="searchAuditActions" time="13.666"/>
  <testcase classname="nawatTests.NawatFunctionalTest" name="ValidateMarketplaceData" time="4.082"/>
  <testcase classname="nawatTests.NawatFunctionalTest" name="ValidateVMFilterData" time="4.069"/>
  <testcase classname="nawatTests.NawatFunctionalTest" name="matchKubernetesPageColumns" time="3.139"/>
  <testcase classname="nawatTests.NawatFunctionalTest" name="matchSqlPageColumns" time="3.111"/>
  <testcase classname="nawatTests.NawatFunctionalTest" name="ValidateSqlFilterData" time="4.082"/>
  <testcase classname="nawatTests.NawatFunctionalTest" name="matchSecretsPageColumns" time="3.089"/>
  <testcase classname="nawatTests.NawatFunctionalTest" name="searchIconPersistentVolumes" time="17.994"/>
  <testcase classname="nawatTests.NawatFunctionalTest" name="validateHomePage" time="12.463"/>
  <testcase classname="nawatTests.NawatFunctionalTest" name="searchIconTemplate" time="13.366"/>
  <testcase classname="nawatTests.NawatFunctionalTest" name="searchIconSql" time="13.108"/>
  <testcase classname="nawatTests.NawatFunctionalTest" name="searchIconsecrets" time="17.893"/>
  <testcase classname="nawatTests.NawatFunctionalTest" name="clickFilterIconOU" time="16.307"/>
  <testcase classname="nawatTests.NawatFunctionalTest" name="ValidatePersistentVolumesFilterData" time="4.099"/>
  <testcase classname="nawatTests.NawatFunctionalTest" name="ValidateConfigurationModuleName" time="5.482"/>
  <testcase classname="nawatTests.NawatFunctionalTest" name="clickFilterIconKeyManagement" time="16.007"/>
  <testcase classname="nawatTests.NawatFunctionalTest" name="ValidateObjectStorageFilterData" time="4.102"/>
  <testcase classname="nawatTests.NawatFunctionalTest" name="ValidateNodepoolSearchData" time="5.110"/>
  <testcase classname="nawatTests.NawatFunctionalTest" name="validateSearchOrgUnitFunctionality" time="19.073"/>
  <testcase classname="nawatTests.NawatFunctionalTest" name="validateDevToolKitIconNavigation" time="9.068"/>
  <testcase classname="nawatTests.NawatFunctionalTest" name="ValidateAssociatedBucketSearchData" time="5.276"/>
  <testcase classname="nawatTests.NawatFunctionalTest" name="ValidateUsersModuleName" time="4.084"/>
  <testcase classname="nawatTests.NawatFunctionalTest" name="ValidateKeyManagementFilterData" time="4.060"/>
  <testcase classname="nawatTests.NawatFunctionalTest" name="validateProjectColumns" time="3.120"/>
  <testcase classname="nawatTests.NawatFunctionalTest" name="ValidateAuditActionsSearchData" time="5.523"/>
  <testcase classname="nawatTests.NawatFunctionalTest" name="searchIcon" time="12.582"/>
  <testcase classname="nawatTests.NawatFunctionalTest" name="searchNodepool" time="13.774"/>
  <testcase classname="nawatTests.NawatFunctionalTest" name="matchKeyManagementPageColumns" time="3.360"/>
  <testcase classname="nawatTests.NawatFunctionalTest" name="ValidateKubernetesSearchData" time="4.860"/>
  <testcase classname="nawatTests.NawatFunctionalTest" name="ValidateAuditActionsModuleName" time="4.283"/>
  <testcase classname="nawatTests.NawatFunctionalTest" name="clickFilterIconAssociatedBucket" time="16.209"/>
  <testcase classname="nawatTests.NawatFunctionalTest" name="matchVMPageColumns" time="3.124"/>
  <testcase classname="nawatTests.NawatFunctionalTest" name="ValidateOUFilterData" time="4.093"/>
  <testcase classname="nawatTests.NawatFunctionalTest" name="matchUsersPageColumns" time="3.126">
    <error message="❌ Users columns do not match.: lists don&#039;t have the same size expected [8] but found [7]" type="java.lang.AssertionError">
      <![CDATA[java.lang.AssertionError: ❌ Users columns do not match.: lists don't have the same size expected [8] but found [7]
	at org.testng.Assert.fail(Assert.java:94)
	at org.testng.Assert.failNotEquals(Assert.java:494)
	at org.testng.Assert.assertEquals(Assert.java:123)
	at org.testng.Assert.assertEquals(Assert.java:370)
	at org.testng.Assert.assertEquals(Assert.java:537)
	at pages.UsersPage.matchUsersPageColumns(UsersPage.java:94)
	at nawatTests.NawatFunctionalTest.matchUsersPageColumns(NawatFunctionalTest.java:945)
	at java.base/jdk.internal.reflect.DirectMethodHandleAccessor.invoke(DirectMethodHandleAccessor.java:103)
	at java.base/java.lang.reflect.Method.invoke(Method.java:580)
	at org.testng.internal.MethodInvocationHelper.invokeMethod(MethodInvocationHelper.java:80)
	at org.testng.internal.Invoker.invokeMethod(Invoker.java:714)
	at org.testng.internal.Invoker.invokeTestMethod(Invoker.java:901)
	at org.testng.internal.Invoker.invokeTestMethods(Invoker.java:1231)
	at org.testng.internal.TestMethodWorker.invokeTestMethods(TestMethodWorker.java:127)
	at org.testng.internal.TestMethodWorker.run(TestMethodWorker.java:111)
	at org.testng.TestRunner.privateRun(TestRunner.java:767)
	at org.testng.TestRunner.run(TestRunner.java:617)
	at org.testng.SuiteRunner.runTest(SuiteRunner.java:334)
	at org.testng.SuiteRunner.runSequentially(SuiteRunner.java:329)
	at org.testng.SuiteRunner.privateRun(SuiteRunner.java:291)
	at org.testng.SuiteRunner.run(SuiteRunner.java:240)
	at org.testng.SuiteRunnerWorker.runSuite(SuiteRunnerWorker.java:52)
	at org.testng.SuiteRunnerWorker.run(SuiteRunnerWorker.java:86)
	at org.testng.TestNG.runSuitesSequentially(TestNG.java:1198)
	at org.testng.TestNG.runSuitesLocally(TestNG.java:1123)
	at org.testng.TestNG.run(TestNG.java:1031)
	at org.testng.remote.AbstractRemoteTestNG.run(AbstractRemoteTestNG.java:115)
	at org.testng.remote.RemoteTestNG.initAndRun(RemoteTestNG.java:293)
	at org.testng.remote.RemoteTestNG.main(RemoteTestNG.java:91)
]]>
    </error>
  </testcase> <!-- matchUsersPageColumns -->
  <testcase classname="nawatTests.NawatFunctionalTest" name="ValidateProjectModuleName" time="4.075"/>
  <testcase classname="nawatTests.NawatFunctionalTest" name="ValidateMarketplaceModuleName" time="4.081"/>
  <testcase classname="nawatTests.NawatFunctionalTest" name="ValidateWorkspaceFilterData" time="4.100"/>
  <testcase classname="nawatTests.NawatFunctionalTest" name="matchStoragePageColumns" time="3.109"/>
  <testcase classname="nawatTests.NawatFunctionalTest" name="clickFilterIconOnVMPage" time="15.654"/>
  <testcase classname="nawatTests.NawatFunctionalTest" name="ValidateVMSearchData" time="5.434"/>
  <testcase classname="nawatTests.NawatFunctionalTest" name="ValidateUsersSearchData" time="38.227"/>
  <testcase classname="nawatTests.NawatFunctionalTest" name="matchAuditActionsPageColumns" time="3.076"/>
  <testcase classname="nawatTests.NawatFunctionalTest" name="matchWorkspacePageColumns" time="0.227"/>
  <testcase classname="nawatTests.NawatFunctionalTest" name="searchStorage" time="13.474"/>
  <testcase classname="nawatTests.NawatFunctionalTest" name="searchSql" time="13.722"/>
  <testcase classname="nawatTests.NawatFunctionalTest" name="clickFilterMarketplace" time="11.035"/>
  <testcase classname="nawatTests.NawatFunctionalTest" name="clickFilterIconSecrets" time="16.153"/>
  <testcase classname="nawatTests.NawatFunctionalTest" name="validateFilterByProjectName" time="16.139"/>
  <testcase classname="nawatTests.NawatFunctionalTest" name="validateOrgUnitColumns" time="0.560"/>
  <testcase classname="nawatTests.NawatFunctionalTest" name="clickFilterIconPersistentVolumes" time="16.164"/>
  <testcase classname="nawatTests.NawatFunctionalTest" name="ValidateNodepoolFilterData" time="4.104"/>
  <testcase classname="nawatTests.NawatFunctionalTest" name="ValidateKubernetesModuleName" time="4.163"/>
  <testcase classname="nawatTests.NawatFunctionalTest" name="ValidateObjectStorageSearchData" time="4.960"/>
  <testcase classname="nawatTests.NawatFunctionalTest" name="ValidateWorkspaceSearchData" time="5.507"/>
  <testcase classname="nawatTests.NawatFunctionalTest" name="matchABPageColumns" time="3.206"/>
  <testcase classname="nawatTests.NawatFunctionalTest" name="searchIconKeyManagement" time="9.027"/>
  <testcase classname="nawatTests.NawatFunctionalTest" name="ValidateAssociatedBucketFilterData" time="4.079"/>
  <testcase classname="nawatTests.NawatFunctionalTest" name="ValidateUsersFilterData" time="4.082"/>
  <testcase classname="nawatTests.NawatFunctionalTest" name="validateOrgUnitIconNavigation" time="11.446"/>
  <testcase classname="nawatTests.NawatFunctionalTest" name="ValidateTemplateSearchData" time="90.190">
    <failure message="no such element: Unable to locate element: {&quot;method&quot;:&quot;xpath&quot;,&quot;selector&quot;:&quot;//div[contains(@class, &#039;card-title&#039;) and contains(text(), &#039;Data&#039;)]&quot;}
  (Session info: MicrosoftEdge=134.0.3124.83)
For documentation on this error, please visit: https://www.selenium.dev/documentation/webdriver/troubleshooting/errors#no-such-element-exception
Build info: version: &#039;4.27.0&#039;, revision: &#039;d6e718d134&#039;
System info: os.name: &#039;Windows 11&#039;, os.arch: &#039;amd64&#039;, os.version: &#039;10.0&#039;, java.version: &#039;23.0.2&#039;
Driver info: org.openqa.selenium.edge.EdgeDriver
Command: [fefd0b75bde834ea764a328b79291cd8, findElement {using=xpath, value=//div[contains(@class, &#039;card-title&#039;) and contains(text(), &#039;Data&#039;)]}]
Capabilities {acceptInsecureCerts: false, browserName: MicrosoftEdge, browserVersion: 134.0.3124.83, fedcm:accounts: true, ms:edgeOptions: {debuggerAddress: localhost:62267}, msedge: {msedgedriverVersion: 134.0.3124.85 (4b32110e83d3..., userDataDir: C:\Users\B-MAC-~1\AppData\L...}, networkConnectionEnabled: false, pageLoadStrategy: normal, platformName: windows, proxy: Proxy(), se:cdp: ws://localhost:62267/devtoo..., se:cdpVersion: 134.0.3124.83, setWindowRect: true, strictFileInteractability: false, timeouts: {implicit: 0, pageLoad: 300000, script: 30000}, unhandledPromptBehavior: dismiss and notify, webauthn:extension:credBlob: true, webauthn:extension:largeBlob: true, webauthn:extension:minPinLength: true, webauthn:extension:prf: true, webauthn:virtualAuthenticators: true}
Session ID: fefd0b75bde834ea764a328b79291cd8" type="org.openqa.selenium.NoSuchElementException">
      <![CDATA[org.openqa.selenium.NoSuchElementException: no such element: Unable to locate element: {"method":"xpath","selector":"//div[contains(@class, 'card-title') and contains(text(), 'Data')]"}
  (Session info: MicrosoftEdge=134.0.3124.83)
For documentation on this error, please visit: https://www.selenium.dev/documentation/webdriver/troubleshooting/errors#no-such-element-exception
Build info: version: '4.27.0', revision: 'd6e718d134'
System info: os.name: 'Windows 11', os.arch: 'amd64', os.version: '10.0', java.version: '23.0.2'
Driver info: org.openqa.selenium.edge.EdgeDriver
Command: [fefd0b75bde834ea764a328b79291cd8, findElement {using=xpath, value=//div[contains(@class, 'card-title') and contains(text(), 'Data')]}]
Capabilities {acceptInsecureCerts: false, browserName: MicrosoftEdge, browserVersion: 134.0.3124.83, fedcm:accounts: true, ms:edgeOptions: {debuggerAddress: localhost:62267}, msedge: {msedgedriverVersion: 134.0.3124.85 (4b32110e83d3..., userDataDir: C:\Users\B-MAC-~1\AppData\L...}, networkConnectionEnabled: false, pageLoadStrategy: normal, platformName: windows, proxy: Proxy(), se:cdp: ws://localhost:62267/devtoo..., se:cdpVersion: 134.0.3124.83, setWindowRect: true, strictFileInteractability: false, timeouts: {implicit: 0, pageLoad: 300000, script: 30000}, unhandledPromptBehavior: dismiss and notify, webauthn:extension:credBlob: true, webauthn:extension:largeBlob: true, webauthn:extension:minPinLength: true, webauthn:extension:prf: true, webauthn:virtualAuthenticators: true}
Session ID: fefd0b75bde834ea764a328b79291cd8
	at java.base/jdk.internal.reflect.DirectConstructorHandleAccessor.newInstance(DirectConstructorHandleAccessor.java:62)
	at java.base/java.lang.reflect.Constructor.newInstanceWithCaller(Constructor.java:501)
	at java.base/java.lang.reflect.Constructor.newInstance(Constructor.java:485)
	at org.openqa.selenium.remote.ErrorCodec.decode(ErrorCodec.java:167)
	at org.openqa.selenium.remote.codec.w3c.W3CHttpResponseCodec.decode(W3CHttpResponseCodec.java:138)
	at org.openqa.selenium.remote.codec.w3c.W3CHttpResponseCodec.decode(W3CHttpResponseCodec.java:50)
	at org.openqa.selenium.remote.HttpCommandExecutor.execute(HttpCommandExecutor.java:190)
	at org.openqa.selenium.remote.service.DriverCommandExecutor.invokeExecute(DriverCommandExecutor.java:216)
	at org.openqa.selenium.remote.service.DriverCommandExecutor.execute(DriverCommandExecutor.java:174)
	at org.openqa.selenium.remote.RemoteWebDriver.execute(RemoteWebDriver.java:545)
	at org.openqa.selenium.remote.ElementLocation$ElementFinder$2.findElement(ElementLocation.java:165)
	at org.openqa.selenium.remote.ElementLocation.findElement(ElementLocation.java:59)
	at org.openqa.selenium.remote.RemoteWebDriver.findElement(RemoteWebDriver.java:368)
	at org.openqa.selenium.remote.RemoteWebDriver.findElement(RemoteWebDriver.java:362)
	at org.openqa.selenium.support.pagefactory.DefaultElementLocator.findElement(DefaultElementLocator.java:68)
	at org.openqa.selenium.support.pagefactory.internal.LocatingElementHandler.invoke(LocatingElementHandler.java:38)
	at jdk.proxy2/jdk.proxy2.$Proxy29.getText(Unknown Source)
	at pages.DevToolKitPage.ValidateTemplateSearchData(DevToolKitPage.java:371)
	at nawatTests.NawatFunctionalTest.ValidateTemplateSearchData(NawatFunctionalTest.java:506)
	at java.base/jdk.internal.reflect.DirectMethodHandleAccessor.invoke(DirectMethodHandleAccessor.java:103)
	at java.base/java.lang.reflect.Method.invoke(Method.java:580)
	at org.testng.internal.MethodInvocationHelper.invokeMethod(MethodInvocationHelper.java:80)
	at org.testng.internal.Invoker.invokeMethod(Invoker.java:714)
	at org.testng.internal.Invoker.invokeTestMethod(Invoker.java:901)
	at org.testng.internal.Invoker.invokeTestMethods(Invoker.java:1231)
	at org.testng.internal.TestMethodWorker.invokeTestMethods(TestMethodWorker.java:127)
	at org.testng.internal.TestMethodWorker.run(TestMethodWorker.java:111)
	at org.testng.TestRunner.privateRun(TestRunner.java:767)
	at org.testng.TestRunner.run(TestRunner.java:617)
	at org.testng.SuiteRunner.runTest(SuiteRunner.java:334)
	at org.testng.SuiteRunner.runSequentially(SuiteRunner.java:329)
	at org.testng.SuiteRunner.privateRun(SuiteRunner.java:291)
	at org.testng.SuiteRunner.run(SuiteRunner.java:240)
	at org.testng.SuiteRunnerWorker.runSuite(SuiteRunnerWorker.java:52)
	at org.testng.SuiteRunnerWorker.run(SuiteRunnerWorker.java:86)
	at org.testng.TestNG.runSuitesSequentially(TestNG.java:1198)
	at org.testng.TestNG.runSuitesLocally(TestNG.java:1123)
	at org.testng.TestNG.run(TestNG.java:1031)
	at org.testng.remote.AbstractRemoteTestNG.run(AbstractRemoteTestNG.java:115)
	at org.testng.remote.RemoteTestNG.initAndRun(RemoteTestNG.java:293)
	at org.testng.remote.RemoteTestNG.main(RemoteTestNG.java:91)
]]>
    </failure>
  </testcase> <!-- ValidateTemplateSearchData -->
  <testcase classname="nawatTests.NawatFunctionalTest" name="ValidateSqlSearchData" time="4.842"/>
  <testcase classname="nawatTests.NawatFunctionalTest" name="ValidateObjectStorageModuleName" time="4.075"/>
  <testcase classname="nawatTests.NawatFunctionalTest" name="searchIconStorage" time="13.058"/>
  <testcase classname="nawatTests.NawatFunctionalTest" name="clickFilterIconStorage" time="15.923"/>
  <testcase classname="nawatTests.NawatFunctionalTest" name="ValidateVMModuleName" time="4.063"/>
  <testcase classname="nawatTests.NawatFunctionalTest" name="searchIconWorkspace" time="17.925"/>
  <testcase classname="nawatTests.NawatFunctionalTest" name="matchPersistentVolumnsPageColumns" time="0.065"/>
  <testcase classname="nawatTests.NawatFunctionalTest" name="ValidateKeyManagementSearchData" time="5.100"/>
  <testcase classname="nawatTests.NawatFunctionalTest" name="searchIconKubernetes" time="8.894"/>
  <testcase classname="nawatTests.NawatFunctionalTest" name="ValidateConfigurationNavigation" time="9.176"/>
  <testcase classname="nawatTests.NawatFunctionalTest" name="matchNodepoolPageColumns" time="3.213">
    <error message="❌ Nodepool columns do not match.: lists don&#039;t have the same size expected [8] but found [7]" type="java.lang.AssertionError">
      <![CDATA[java.lang.AssertionError: ❌ Nodepool columns do not match.: lists don't have the same size expected [8] but found [7]
	at org.testng.Assert.fail(Assert.java:94)
	at org.testng.Assert.failNotEquals(Assert.java:494)
	at org.testng.Assert.assertEquals(Assert.java:123)
	at org.testng.Assert.assertEquals(Assert.java:370)
	at org.testng.Assert.assertEquals(Assert.java:537)
	at pages.ConfigurationPage.matchNodepoolPageColumns(ConfigurationPage.java:96)
	at nawatTests.NawatFunctionalTest.matchNodepoolPageColumns(NawatFunctionalTest.java:624)
	at java.base/jdk.internal.reflect.DirectMethodHandleAccessor.invoke(DirectMethodHandleAccessor.java:103)
	at java.base/java.lang.reflect.Method.invoke(Method.java:580)
	at org.testng.internal.MethodInvocationHelper.invokeMethod(MethodInvocationHelper.java:80)
	at org.testng.internal.Invoker.invokeMethod(Invoker.java:714)
	at org.testng.internal.Invoker.invokeTestMethod(Invoker.java:901)
	at org.testng.internal.Invoker.invokeTestMethods(Invoker.java:1231)
	at org.testng.internal.TestMethodWorker.invokeTestMethods(TestMethodWorker.java:127)
	at org.testng.internal.TestMethodWorker.run(TestMethodWorker.java:111)
	at org.testng.TestRunner.privateRun(TestRunner.java:767)
	at org.testng.TestRunner.run(TestRunner.java:617)
	at org.testng.SuiteRunner.runTest(SuiteRunner.java:334)
	at org.testng.SuiteRunner.runSequentially(SuiteRunner.java:329)
	at org.testng.SuiteRunner.privateRun(SuiteRunner.java:291)
	at org.testng.SuiteRunner.run(SuiteRunner.java:240)
	at org.testng.SuiteRunnerWorker.runSuite(SuiteRunnerWorker.java:52)
	at org.testng.SuiteRunnerWorker.run(SuiteRunnerWorker.java:86)
	at org.testng.TestNG.runSuitesSequentially(TestNG.java:1198)
	at org.testng.TestNG.runSuitesLocally(TestNG.java:1123)
	at org.testng.TestNG.run(TestNG.java:1031)
	at org.testng.remote.AbstractRemoteTestNG.run(AbstractRemoteTestNG.java:115)
	at org.testng.remote.RemoteTestNG.initAndRun(RemoteTestNG.java:293)
	at org.testng.remote.RemoteTestNG.main(RemoteTestNG.java:91)
]]>
    </error>
  </testcase> <!-- matchNodepoolPageColumns -->
  <testcase classname="nawatTests.NawatFunctionalTest" name="searchIconShared" time="17.862"/>
  <testcase classname="nawatTests.NawatFunctionalTest" name="searchIconAuditActions" time="8.560"/>
  <testcase classname="nawatTests.NawatFunctionalTest" name="ValidateSqlModuleName" time="4.075"/>
  <testcase classname="nawatTests.NawatFunctionalTest" name="searchIconMarketplace" time="10.709"/>
</testsuite> <!-- nawatTests.NawatFunctionalTest -->
